


ARM Macro Assembler    Page 1 


    1 00000000         ;/******************************************************
                       ***********************/
    2 00000000         ;/* STARTUP.S: Startup file for Philips LPC2000         
                                             */
    3 00000000         ;/******************************************************
                       ***********************/
    4 00000000         ;/* <<< Use Configuration Wizard in Context Menu >>>    
                                             */ 
    5 00000000         ;/******************************************************
                       ***********************/
    6 00000000         ;/* This file is part of the uVision/ARM development too
                       ls.                   */
    7 00000000         ;/* Copyright (c) 2005-2007 Keil Software. All rights re
                       served.               */
    8 00000000         ;/* This software may only be used under the terms of a 
                       valid, current,       */
    9 00000000         ;/* end user licence from KEIL for a compatible version 
                       of KEIL software      */
   10 00000000         ;/* development tools. Nothing else gives you the right 
                       to use this software. */
   11 00000000         ;/******************************************************
                       ***********************/
   12 00000000         
   13 00000000         
   14 00000000         ;/*
   15 00000000         ; *  The STARTUP.S code is executed after CPU Reset. Thi
                       s file may be 
   16 00000000         ; *  translated with the following SET symbols. In uVisi
                       on these SET 
   17 00000000         ; *  symbols are entered under Options - ASM - Define.
   18 00000000         ; *
   19 00000000         ; *  REMAP: when set the startup code initializes the re
                       gister MEMMAP 
   20 00000000         ; *  which overwrites the settings of the CPU configurat
                       ion pins. The 
   21 00000000         ; *  startup and interrupt vectors are remapped from:
   22 00000000         ; *     0x00000000  default setting (not remapped)
   23 00000000         ; *     0x80000000  when EXTMEM_MODE is used
   24 00000000         ; *     0x40000000  when RAM_MODE is used
   25 00000000         ; *
   26 00000000         ; *  EXTMEM_MODE: when set the device is configured for 
                       code execution
   27 00000000         ; *  from external memory starting at address 0x80000000
                       .
   28 00000000         ; *
   29 00000000         ; *  RAM_MODE: when set the device is configured for cod
                       e execution
   30 00000000         ; *  from on-chip RAM starting at address 0x40000000.
   31 00000000         ; *
   32 00000000         ; *  EXTERNAL_MODE: when set the PIN2SEL values are writ
                       ten that enable
   33 00000000         ; *  the external BUS at startup.
   34 00000000         ; */
   35 00000000         
   36 00000000         
   37 00000000         ; Standard definitions of Mode bits and Interrupt (I & F
                       ) flags in PSRs
   38 00000000         
   39 00000000 00000010 



ARM Macro Assembler    Page 2 


                       Mode_USR
                               EQU              0x10
   40 00000000 00000011 
                       Mode_FIQ
                               EQU              0x11
   41 00000000 00000012 
                       Mode_IRQ
                               EQU              0x12
   42 00000000 00000013 
                       Mode_SVC
                               EQU              0x13
   43 00000000 00000017 
                       Mode_ABT
                               EQU              0x17
   44 00000000 0000001B 
                       Mode_UND
                               EQU              0x1B
   45 00000000 0000001F 
                       Mode_SYS
                               EQU              0x1F
   46 00000000         
   47 00000000 00000080 
                       I_Bit   EQU              0x80        ; when I bit is set
                                                            , IRQ is disabled
   48 00000000 00000040 
                       F_Bit   EQU              0x40        ; when F bit is set
                                                            , FIQ is disabled
   49 00000000         
   50 00000000         
   51 00000000         ;// <h> Stack Configuration (Stack Sizes in Bytes)
   52 00000000         ;//   <o0> Undefined Mode      <0x0-0xFFFFFFFF:8>
   53 00000000         ;//   <o1> Supervisor Mode     <0x0-0xFFFFFFFF:8>
   54 00000000         ;//   <o2> Abort Mode          <0x0-0xFFFFFFFF:8>
   55 00000000         ;//   <o3> Fast Interrupt Mode <0x0-0xFFFFFFFF:8>
   56 00000000         ;//   <o4> Interrupt Mode      <0x0-0xFFFFFFFF:8>
   57 00000000         ;//   <o5> User/System Mode    <0x0-0xFFFFFFFF:8>
   58 00000000         ;// </h>
   59 00000000         
   60 00000000 00000000 
                       UND_Stack_Size
                               EQU              0x00000000
   61 00000000 00000008 
                       SVC_Stack_Size
                               EQU              0x00000008
   62 00000000 00000000 
                       ABT_Stack_Size
                               EQU              0x00000000
   63 00000000 00000000 
                       FIQ_Stack_Size
                               EQU              0x00000000
   64 00000000 00000080 
                       IRQ_Stack_Size
                               EQU              0x00000080
   65 00000000 00001000 
                       USR_Stack_Size
                               EQU              0x00001000
   66 00000000         
   68 00000000 00000088 
                       ISR_Stack_Size



ARM Macro Assembler    Page 3 


                               EQU              (UND_Stack_Size + SVC_Stack_Siz
e + ABT_Stack_Size +                           FIQ_Stack_Size + IRQ_Stack_Size
)
   69 00000000         
   70 00000000                 AREA             STACK, NOINIT, READWRITE, ALIGN
=3
   71 00000000         
   72 00000000         Stack_Mem
                               SPACE            USR_Stack_Size
   73 00001000         __initial_sp
                               SPACE            ISR_Stack_Size
   74 00001088         
   75 00001088         Stack_Top
   76 00001088         
   77 00001088         
   78 00001088         ;// <h> Heap Configuration
   79 00001088         ;//   <o>  Heap Size (in Bytes) <0x0-0xFFFFFFFF>
   80 00001088         ;// </h>
   81 00001088         
   82 00001088 00003A98 
                       Heap_Size
                               EQU              0x00003A98
   83 00001088         
   84 00001088                 AREA             HEAP, NOINIT, READWRITE, ALIGN=
3
   85 00000000         __heap_base
   86 00000000         Heap_Mem
                               SPACE            Heap_Size
   87 00003A98         __heap_limit
   88 00003A98         
   89 00003A98         
   90 00003A98         ; VPBDIV definitions
   91 00003A98 E01FC100 
                       VPBDIV  EQU              0xE01FC100  ; VPBDIV Address
   92 00003A98         
   93 00003A98         ;// <e> VPBDIV Setup
   94 00003A98         ;// <i> Peripheral Bus Clock Rate
   95 00003A98         ;//   <o1.0..1>   VPBDIV: VPB Clock
   96 00003A98         ;//               <0=> VPB Clock = CPU Clock / 4
   97 00003A98         ;//               <1=> VPB Clock = CPU Clock
   98 00003A98         ;//               <2=> VPB Clock = CPU Clock / 2
   99 00003A98         ;//   <o1.4..5>   XCLKDIV: XCLK Pin
  100 00003A98         ;//               <0=> XCLK Pin = CPU Clock / 4
  101 00003A98         ;//               <1=> XCLK Pin = CPU Clock
  102 00003A98         ;//               <2=> XCLK Pin = CPU Clock / 2
  103 00003A98         ;// </e>
  104 00003A98 00000000 
                       VPBDIV_SETUP
                               EQU              0
  105 00003A98 00000011 
                       VPBDIV_Val
                               EQU              0x00000011
  106 00003A98         
  107 00003A98         
  108 00003A98         ; Phase Locked Loop (PLL) definitions
  109 00003A98 E01FC080 
                       PLL_BASE
                               EQU              0xE01FC080  ; PLL Base Address
  110 00003A98 00000000 



ARM Macro Assembler    Page 4 


                       PLLCON_OFS
                               EQU              0x00        ; PLL Control Offse
                                                            t
  111 00003A98 00000004 
                       PLLCFG_OFS
                               EQU              0x04        ; PLL Configuration
                                                             Offset
  112 00003A98 00000008 
                       PLLSTAT_OFS
                               EQU              0x08        ; PLL Status Offset
                                                            
  113 00003A98 0000000C 
                       PLLFEED_OFS
                               EQU              0x0C        ; PLL Feed Offset
  114 00003A98 00000001 
                       PLLCON_PLLE
                               EQU              (1<<0)      ; PLL Enable
  115 00003A98 00000002 
                       PLLCON_PLLC
                               EQU              (1<<1)      ; PLL Connect
  116 00003A98 0000001F 
                       PLLCFG_MSEL
                               EQU              (0x1F<<0)   ; PLL Multiplier
  117 00003A98 00000060 
                       PLLCFG_PSEL
                               EQU              (0x03<<5)   ; PLL Divider
  118 00003A98 00000400 
                       PLLSTAT_PLOCK
                               EQU              (1<<10)     ; PLL Lock Status
  119 00003A98         
  120 00003A98         ;// <e> PLL Setup
  121 00003A98         ;//   <o1.0..4>   MSEL: PLL Multiplier Selection
  122 00003A98         ;//               <1-32><#-1>
  123 00003A98         ;//               <i> M Value
  124 00003A98         ;//   <o1.5..6>   PSEL: PLL Divider Selection
  125 00003A98         ;//               <0=> 1   <1=> 2   <2=> 4   <3=> 8
  126 00003A98         ;//               <i> P Value
  127 00003A98         ;// </e>
  128 00003A98 00000000 
                       PLL_SETUP
                               EQU              0
  129 00003A98 00000024 
                       PLLCFG_Val
                               EQU              0x00000024
  130 00003A98         
  131 00003A98         
  132 00003A98         ; Memory Accelerator Module (MAM) definitions
  133 00003A98 E01FC000 
                       MAM_BASE
                               EQU              0xE01FC000  ; MAM Base Address
  134 00003A98 00000000 
                       MAMCR_OFS
                               EQU              0x00        ; MAM Control Offse
                                                            t
  135 00003A98 00000004 
                       MAMTIM_OFS
                               EQU              0x04        ; MAM Timing Offset
                                                            
  136 00003A98         



ARM Macro Assembler    Page 5 


  137 00003A98         ;// <e> MAM Setup
  138 00003A98         ;//   <o1.0..1>   MAM Control
  139 00003A98         ;//               <0=> Disabled
  140 00003A98         ;//               <1=> Partially Enabled
  141 00003A98         ;//               <2=> Fully Enabled
  142 00003A98         ;//               <i> Mode
  143 00003A98         ;//   <o2.0..2>   MAM Timing
  144 00003A98         ;//               <0=> Reserved  <1=> 1   <2=> 2   <3=> 
                       3
  145 00003A98         ;//               <4=> 4         <5=> 5   <6=> 6   <7=> 
                       7
  146 00003A98         ;//               <i> Fetch Cycles
  147 00003A98         ;// </e>
  148 00003A98 00000001 
                       MAM_SETUP
                               EQU              1
  149 00003A98 00000002 
                       MAMCR_Val
                               EQU              0x00000002
  150 00003A98 00000003 
                       MAMTIM_Val
                               EQU              0x00000003
  151 00003A98         
  152 00003A98         
  153 00003A98         ; External Memory Controller (EMC) definitions
  154 00003A98 FFE00000 
                       EMC_BASE
                               EQU              0xFFE00000  ; EMC Base Address
  155 00003A98 00000000 
                       BCFG0_OFS
                               EQU              0x00        ; BCFG0 Offset
  156 00003A98 00000004 
                       BCFG1_OFS
                               EQU              0x04        ; BCFG1 Offset
  157 00003A98 00000008 
                       BCFG2_OFS
                               EQU              0x08        ; BCFG2 Offset
  158 00003A98 0000000C 
                       BCFG3_OFS
                               EQU              0x0C        ; BCFG3 Offset
  159 00003A98         
  160 00003A98         ;// <e> External Memory Controller (EMC)
  161 00003A98 00000000 
                       EMC_SETUP
                               EQU              0
  162 00003A98         
  163 00003A98         ;//   <e> Bank Configuration 0 (BCFG0)
  164 00003A98         ;//     <o1.0..3>   IDCY: Idle Cycles <0-15>
  165 00003A98         ;//     <o1.5..9>   WST1: Wait States 1 <0-31>
  166 00003A98         ;//     <o1.11..15> WST2: Wait States 2 <0-31>
  167 00003A98         ;//     <o1.10>     RBLE: Read Byte Lane Enable
  168 00003A98         ;//     <o1.26>     WP: Write Protect
  169 00003A98         ;//     <o1.27>     BM: Burst ROM
  170 00003A98         ;//     <o1.28..29> MW: Memory Width  <0=>  8-bit  <1=> 
                       16-bit
  171 00003A98         ;//                                   <2=> 32-bit  <3=> 
                       Reserved
  172 00003A98         ;//   </e>
  173 00003A98 00000001 



ARM Macro Assembler    Page 6 


                       BCFG0_SETUP
                               EQU              1
  174 00003A98 0000FBEF 
                       BCFG0_Val
                               EQU              0x0000FBEF
  175 00003A98         
  176 00003A98         ;//   <e> Bank Configuration 1 (BCFG1)
  177 00003A98         ;//     <o1.0..3>   IDCY: Idle Cycles <0-15>
  178 00003A98         ;//     <o1.5..9>   WST1: Wait States 1 <0-31>
  179 00003A98         ;//     <o1.11..15> WST2: Wait States 2 <0-31>
  180 00003A98         ;//     <o1.10>     RBLE: Read Byte Lane Enable
  181 00003A98         ;//     <o1.26>     WP: Write Protect
  182 00003A98         ;//     <o1.27>     BM: Burst ROM
  183 00003A98         ;//     <o1.28..29> MW: Memory Width  <0=>  8-bit  <1=> 
                       16-bit
  184 00003A98         ;//                                   <2=> 32-bit  <3=> 
                       Reserved
  185 00003A98         ;//   </e>
  186 00003A98 00000001 
                       BCFG1_SETUP
                               EQU              1
  187 00003A98 0000FBEF 
                       BCFG1_Val
                               EQU              0x0000FBEF
  188 00003A98         
  189 00003A98         ;//   <e> Bank Configuration 2 (BCFG2)
  190 00003A98         ;//     <o1.0..3>   IDCY: Idle Cycles <0-15>
  191 00003A98         ;//     <o1.5..9>   WST1: Wait States 1 <0-31>
  192 00003A98         ;//     <o1.11..15> WST2: Wait States 2 <0-31>
  193 00003A98         ;//     <o1.10>     RBLE: Read Byte Lane Enable
  194 00003A98         ;//     <o1.26>     WP: Write Protect
  195 00003A98         ;//     <o1.27>     BM: Burst ROM
  196 00003A98         ;//     <o1.28..29> MW: Memory Width  <0=>  8-bit  <1=> 
                       16-bit
  197 00003A98         ;//                                   <2=> 32-bit  <3=> 
                       Reserved
  198 00003A98         ;//   </e>
  199 00003A98 00000001 
                       BCFG2_SETUP
                               EQU              1
  200 00003A98 0000FBEF 
                       BCFG2_Val
                               EQU              0x0000FBEF
  201 00003A98         
  202 00003A98         ;//   <e> Bank Configuration 3 (BCFG3)
  203 00003A98         ;//     <o1.0..3>   IDCY: Idle Cycles <0-15>
  204 00003A98         ;//     <o1.5..9>   WST1: Wait States 1 <0-31>
  205 00003A98         ;//     <o1.11..15> WST2: Wait States 2 <0-31>
  206 00003A98         ;//     <o1.10>     RBLE: Read Byte Lane Enable
  207 00003A98         ;//     <o1.26>     WP: Write Protect
  208 00003A98         ;//     <o1.27>     BM: Burst ROM
  209 00003A98         ;//     <o1.28..29> MW: Memory Width  <0=>  8-bit  <1=> 
                       16-bit
  210 00003A98         ;//                                   <2=> 32-bit  <3=> 
                       Reserved
  211 00003A98         ;//   </e>
  212 00003A98 00000001 
                       BCFG3_SETUP
                               EQU              1



ARM Macro Assembler    Page 7 


  213 00003A98 0000FBEF 
                       BCFG3_Val
                               EQU              0x0000FBEF
  214 00003A98         
  215 00003A98         ;// </e> End of EMC
  216 00003A98         
  217 00003A98         
  218 00003A98         ; External Memory Pins definitions
  219 00003A98 E002C014 
                       PINSEL2 EQU              0xE002C014  ; PINSEL2 Address
  220 00003A98 0E6149E4 
                       PINSEL2_Val
                               EQU              0x0E6149E4  ; CS0..3, OE, WE, B
                                                            LS0..3, 
  221 00003A98         ; D0..31, A2..23, JTAG Pins
  222 00003A98         
  223 00003A98         
  224 00003A98                 PRESERVE8
  225 00003A98         
  226 00003A98         
  227 00003A98         ; Area Definition and Entry Point
  228 00003A98         ;  Startup Code must be linked first at Address at which
                        it expects to run.
  229 00003A98         
  230 00003A98                 AREA             RESET, CODE, READONLY
  231 00000000                 ARM
  232 00000000         
  233 00000000         
  234 00000000         ; Exception Vectors
  235 00000000         ;  Mapped to Address 0.
  236 00000000         ;  Absolute addressing mode must be used.
  237 00000000         ;  Dummy Handlers are implemented as infinite loops whic
                       h can be modified.
  238 00000000         
  239 00000000 E59FF018 
                       Vectors LDR              PC, Reset_Addr
  240 00000004 E59FF018        LDR              PC, Undef_Addr
  241 00000008 E59FF018        LDR              PC, SWI_Addr
  242 0000000C E59FF018        LDR              PC, PAbt_Addr
  243 00000010 E59FF018        LDR              PC, DAbt_Addr
  244 00000014 E1A00000        NOP                          ; Reserved Vector 
  245 00000018         ;               LDR     PC, IRQ_Addr
  246 00000018 E51FFFF0        LDR              PC, [PC, #-0x0FF0] ; Vector fro
                                                            m VicVectAddr
  247 0000001C E59FF018        LDR              PC, FIQ_Addr
  248 00000020         
  249 00000020 00000000 
                       Reset_Addr
                               DCD              Reset_Handler
  250 00000024 00000000 
                       Undef_Addr
                               DCD              Undef_Handler
  251 00000028 00000000 
                       SWI_Addr
                               DCD              SWI_Handler
  252 0000002C 00000000 
                       PAbt_Addr
                               DCD              PAbt_Handler
  253 00000030 00000000 



ARM Macro Assembler    Page 8 


                       DAbt_Addr
                               DCD              DAbt_Handler
  254 00000034 00000000        DCD              0           ; Reserved Address 
                                                            
  255 00000038 00000000 
                       IRQ_Addr
                               DCD              IRQ_Handler
  256 0000003C 00000000 
                       FIQ_Addr
                               DCD              FIQ_Handler
  257 00000040         
  258 00000040 EAFFFFFE 
                       Undef_Handler
                               B                Undef_Handler
  259 00000044 EAFFFFFE 
                       SWI_Handler
                               B                SWI_Handler
  260 00000048 EAFFFFFE 
                       PAbt_Handler
                               B                PAbt_Handler
  261 0000004C EAFFFFFE 
                       DAbt_Handler
                               B                DAbt_Handler
  262 00000050 EAFFFFFE 
                       IRQ_Handler
                               B                IRQ_Handler
  263 00000054 EAFFFFFE 
                       FIQ_Handler
                               B                FIQ_Handler
  264 00000058         
  265 00000058         
  266 00000058         ; Reset Handler
  267 00000058         
  268 00000058                 EXPORT           Reset_Handler
  269 00000058         Reset_Handler
  270 00000058         
  271 00000058         
  272 00000058         ; Setup External Memory Pins
  273 00000058                 IF               :DEF:EXTERNAL_MODE
  277                          ENDIF
  278 00000058         
  279 00000058         
  280 00000058         ; Setup External Memory Controller
  281 00000058                 IF               EMC_SETUP <> 0
  304                          ENDIF                        ; EMC_SETUP
  305 00000058         
  306 00000058         
  307 00000058         ; Setup VPBDIV
  308 00000058                 IF               VPBDIV_SETUP <> 0
  312                          ENDIF
  313 00000058         
  314 00000058         
  315 00000058         ; Setup PLL
  316 00000058                 IF               PLL_SETUP <> 0
  339                          ENDIF                        ; PLL_SETUP
  340 00000058         
  341 00000058         
  342 00000058         ; Setup MAM
  343 00000058                 IF               MAM_SETUP <> 0



ARM Macro Assembler    Page 9 


  344 00000058 E59F0060        LDR              R0, =MAM_BASE
  345 0000005C E3A01003        MOV              R1, #MAMTIM_Val
  346 00000060 E5801004        STR              R1, [R0, #MAMTIM_OFS]
  347 00000064 E3A01002        MOV              R1, #MAMCR_Val
  348 00000068 E5801000        STR              R1, [R0, #MAMCR_OFS]
  349 0000006C                 ENDIF                        ; MAM_SETUP
  350 0000006C         
  351 0000006C         
  352 0000006C         ; Memory Mapping (when Interrupt Vectors are in RAM)
  353 0000006C E01FC040 
                       MEMMAP  EQU              0xE01FC040  ; Memory Mapping Co
                                                            ntrol
  354 0000006C                 IF               :DEF:REMAP
  364                          ENDIF
  365 0000006C         
  366 0000006C         
  367 0000006C         ; Initialise Interrupt System
  368 0000006C         ;  ...
  369 0000006C         
  370 0000006C         
  371 0000006C         ; Setup Stack for each mode
  372 0000006C         
  373 0000006C E59F0050        LDR              R0, =Stack_Top
  374 00000070         
  375 00000070         ;  Enter Undefined Instruction Mode and set its Stack Po
                       inter
  376 00000070 E321F0DB        MSR              CPSR_c, #Mode_UND:OR:I_Bit:OR:F
_Bit
  377 00000074 E1A0D000        MOV              SP, R0
  378 00000078 E2400000        SUB              R0, R0, #UND_Stack_Size
  379 0000007C         
  380 0000007C         ;  Enter Abort Mode and set its Stack Pointer
  381 0000007C E321F0D7        MSR              CPSR_c, #Mode_ABT:OR:I_Bit:OR:F
_Bit
  382 00000080 E1A0D000        MOV              SP, R0
  383 00000084 E2400000        SUB              R0, R0, #ABT_Stack_Size
  384 00000088         
  385 00000088         ;  Enter FIQ Mode and set its Stack Pointer
  386 00000088 E321F0D1        MSR              CPSR_c, #Mode_FIQ:OR:I_Bit:OR:F
_Bit
  387 0000008C E1A0D000        MOV              SP, R0
  388 00000090 E2400000        SUB              R0, R0, #FIQ_Stack_Size
  389 00000094         
  390 00000094         ;  Enter IRQ Mode and set its Stack Pointer
  391 00000094 E321F0D2        MSR              CPSR_c, #Mode_IRQ:OR:I_Bit:OR:F
_Bit
  392 00000098 E1A0D000        MOV              SP, R0
  393 0000009C E2400080        SUB              R0, R0, #IRQ_Stack_Size
  394 000000A0         
  395 000000A0         ;  Enter Supervisor Mode and set its Stack Pointer
  396 000000A0 E321F0D3        MSR              CPSR_c, #Mode_SVC:OR:I_Bit:OR:F
_Bit
  397 000000A4 E1A0D000        MOV              SP, R0
  398 000000A8 E2400008        SUB              R0, R0, #SVC_Stack_Size
  399 000000AC         
  400 000000AC         ;  Enter User Mode and set its Stack Pointer
  401 000000AC E321F010        MSR              CPSR_c, #Mode_USR
  402 000000B0                 IF               :DEF:__MICROLIB
  407 000000B0         



ARM Macro Assembler    Page 10 


  408 000000B0 E1A0D000        MOV              SP, R0
  409 000000B4 E24DAA01        SUB              SL, SP, #USR_Stack_Size
  410 000000B8         
  411 000000B8                 ENDIF
  412 000000B8         
  413 000000B8         
  414 000000B8         ; Enter the C code
  415 000000B8         
  416 000000B8                 IMPORT           __main
  417 000000B8 E59F0008        LDR              R0, =__main
  418 000000BC E12FFF10        BX               R0
  419 000000C0         
  420 000000C0         
  421 000000C0                 IF               :DEF:__MICROLIB
  427 000000C0         ; User Initial Stack & Heap
  428 000000C0 E01FC000 
              00000000 
              00000000         AREA             |.text|, CODE, READONLY
  429 00000000         
  430 00000000                 IMPORT           __use_two_region_memory
  431 00000000                 EXPORT           __user_initial_stackheap
  432 00000000         __user_initial_stackheap
  433 00000000         
  434 00000000 E59F000C        LDR              R0, =  Heap_Mem
  435 00000004 E59F100C        LDR              R1, =(Stack_Mem + USR_Stack_Siz
e)
  436 00000008 E59F200C        LDR              R2, = (Heap_Mem +      Heap_Siz
e)
  437 0000000C E59F300C        LDR              R3, = Stack_Mem
  438 00000010 E12FFF1E        BX               LR
  439 00000014                 ENDIF
  440 00000014         
  441 00000014         
  442 00000014                 END
              00000000 
              00001000 
              00003A98 
              00000000 
Command Line: --debug --xref --diag_suppress=9931 --apcs=interwork --depend=.\o
bjects\startup.d -o.\objects\startup.o -IC:\Keil_v5\ARM\RV31\INC -IC:\Keil_v5\A
RM\CMSIS\Include -IC:\Keil_v5\ARM\Inc\Philips --predefine="__EVAL SETA 1" --pre
define="__UVISION_VERSION SETA 514" --list=.\listings\startup.lst Startup.s



ARM Macro Assembler    Page 1 Alphabetic symbol ordering
Relocatable symbols

STACK 00000000

Symbol: STACK
   Definitions
      At line 70 in file Startup.s
   Uses
      None
Comment: STACK unused
Stack_Mem 00000000

Symbol: Stack_Mem
   Definitions
      At line 72 in file Startup.s
   Uses
      At line 435 in file Startup.s
      At line 437 in file Startup.s

Stack_Top 00001088

Symbol: Stack_Top
   Definitions
      At line 75 in file Startup.s
   Uses
      At line 373 in file Startup.s
Comment: Stack_Top used once
__initial_sp 00001000

Symbol: __initial_sp
   Definitions
      At line 73 in file Startup.s
   Uses
      None
Comment: __initial_sp unused
4 symbols



ARM Macro Assembler    Page 1 Alphabetic symbol ordering
Relocatable symbols

HEAP 00000000

Symbol: HEAP
   Definitions
      At line 84 in file Startup.s
   Uses
      None
Comment: HEAP unused
Heap_Mem 00000000

Symbol: Heap_Mem
   Definitions
      At line 86 in file Startup.s
   Uses
      At line 434 in file Startup.s
      At line 436 in file Startup.s

__heap_base 00000000

Symbol: __heap_base
   Definitions
      At line 85 in file Startup.s
   Uses
      None
Comment: __heap_base unused
__heap_limit 00003A98

Symbol: __heap_limit
   Definitions
      At line 87 in file Startup.s
   Uses
      None
Comment: __heap_limit unused
4 symbols



ARM Macro Assembler    Page 1 Alphabetic symbol ordering
Relocatable symbols

DAbt_Addr 00000030

Symbol: DAbt_Addr
   Definitions
      At line 253 in file Startup.s
   Uses
      At line 243 in file Startup.s
Comment: DAbt_Addr used once
DAbt_Handler 0000004C

Symbol: DAbt_Handler
   Definitions
      At line 261 in file Startup.s
   Uses
      At line 253 in file Startup.s
      At line 261 in file Startup.s

FIQ_Addr 0000003C

Symbol: FIQ_Addr
   Definitions
      At line 256 in file Startup.s
   Uses
      At line 247 in file Startup.s
Comment: FIQ_Addr used once
FIQ_Handler 00000054

Symbol: FIQ_Handler
   Definitions
      At line 263 in file Startup.s
   Uses
      At line 256 in file Startup.s
      At line 263 in file Startup.s

IRQ_Addr 00000038

Symbol: IRQ_Addr
   Definitions
      At line 255 in file Startup.s
   Uses
      None
Comment: IRQ_Addr unused
IRQ_Handler 00000050

Symbol: IRQ_Handler
   Definitions
      At line 262 in file Startup.s
   Uses
      At line 255 in file Startup.s
      At line 262 in file Startup.s

PAbt_Addr 0000002C

Symbol: PAbt_Addr
   Definitions
      At line 252 in file Startup.s
   Uses
      At line 242 in file Startup.s
Comment: PAbt_Addr used once



ARM Macro Assembler    Page 2 Alphabetic symbol ordering
Relocatable symbols

PAbt_Handler 00000048

Symbol: PAbt_Handler
   Definitions
      At line 260 in file Startup.s
   Uses
      At line 252 in file Startup.s
      At line 260 in file Startup.s

RESET 00000000

Symbol: RESET
   Definitions
      At line 230 in file Startup.s
   Uses
      None
Comment: RESET unused
Reset_Addr 00000020

Symbol: Reset_Addr
   Definitions
      At line 249 in file Startup.s
   Uses
      At line 239 in file Startup.s
Comment: Reset_Addr used once
Reset_Handler 00000058

Symbol: Reset_Handler
   Definitions
      At line 269 in file Startup.s
   Uses
      At line 249 in file Startup.s
      At line 268 in file Startup.s

SWI_Addr 00000028

Symbol: SWI_Addr
   Definitions
      At line 251 in file Startup.s
   Uses
      At line 241 in file Startup.s
Comment: SWI_Addr used once
SWI_Handler 00000044

Symbol: SWI_Handler
   Definitions
      At line 259 in file Startup.s
   Uses
      At line 251 in file Startup.s
      At line 259 in file Startup.s

Undef_Addr 00000024

Symbol: Undef_Addr
   Definitions
      At line 250 in file Startup.s
   Uses
      At line 240 in file Startup.s
Comment: Undef_Addr used once



ARM Macro Assembler    Page 3 Alphabetic symbol ordering
Relocatable symbols

Undef_Handler 00000040

Symbol: Undef_Handler
   Definitions
      At line 258 in file Startup.s
   Uses
      At line 250 in file Startup.s
      At line 258 in file Startup.s

Vectors 00000000

Symbol: Vectors
   Definitions
      At line 239 in file Startup.s
   Uses
      None
Comment: Vectors unused
16 symbols



ARM Macro Assembler    Page 1 Alphabetic symbol ordering
Relocatable symbols

.text 00000000

Symbol: .text
   Definitions
      At line 428 in file Startup.s
   Uses
      None
Comment: .text unused
__user_initial_stackheap 00000000

Symbol: __user_initial_stackheap
   Definitions
      At line 432 in file Startup.s
   Uses
      At line 431 in file Startup.s
Comment: __user_initial_stackheap used once
2 symbols



ARM Macro Assembler    Page 1 Alphabetic symbol ordering
Absolute symbols

ABT_Stack_Size 00000000

Symbol: ABT_Stack_Size
   Definitions
      At line 62 in file Startup.s
   Uses
      At line 68 in file Startup.s
      At line 383 in file Startup.s

BCFG0_OFS 00000000

Symbol: BCFG0_OFS
   Definitions
      At line 155 in file Startup.s
   Uses
      None
Comment: BCFG0_OFS unused
BCFG0_SETUP 00000001

Symbol: BCFG0_SETUP
   Definitions
      At line 173 in file Startup.s
   Uses
      None
Comment: BCFG0_SETUP unused
BCFG0_Val 0000FBEF

Symbol: BCFG0_Val
   Definitions
      At line 174 in file Startup.s
   Uses
      None
Comment: BCFG0_Val unused
BCFG1_OFS 00000004

Symbol: BCFG1_OFS
   Definitions
      At line 156 in file Startup.s
   Uses
      None
Comment: BCFG1_OFS unused
BCFG1_SETUP 00000001

Symbol: BCFG1_SETUP
   Definitions
      At line 186 in file Startup.s
   Uses
      None
Comment: BCFG1_SETUP unused
BCFG1_Val 0000FBEF

Symbol: BCFG1_Val
   Definitions
      At line 187 in file Startup.s
   Uses
      None
Comment: BCFG1_Val unused
BCFG2_OFS 00000008




ARM Macro Assembler    Page 2 Alphabetic symbol ordering
Absolute symbols

Symbol: BCFG2_OFS
   Definitions
      At line 157 in file Startup.s
   Uses
      None
Comment: BCFG2_OFS unused
BCFG2_SETUP 00000001

Symbol: BCFG2_SETUP
   Definitions
      At line 199 in file Startup.s
   Uses
      None
Comment: BCFG2_SETUP unused
BCFG2_Val 0000FBEF

Symbol: BCFG2_Val
   Definitions
      At line 200 in file Startup.s
   Uses
      None
Comment: BCFG2_Val unused
BCFG3_OFS 0000000C

Symbol: BCFG3_OFS
   Definitions
      At line 158 in file Startup.s
   Uses
      None
Comment: BCFG3_OFS unused
BCFG3_SETUP 00000001

Symbol: BCFG3_SETUP
   Definitions
      At line 212 in file Startup.s
   Uses
      None
Comment: BCFG3_SETUP unused
BCFG3_Val 0000FBEF

Symbol: BCFG3_Val
   Definitions
      At line 213 in file Startup.s
   Uses
      None
Comment: BCFG3_Val unused
EMC_BASE FFE00000

Symbol: EMC_BASE
   Definitions
      At line 154 in file Startup.s
   Uses
      None
Comment: EMC_BASE unused
EMC_SETUP 00000000

Symbol: EMC_SETUP
   Definitions
      At line 161 in file Startup.s



ARM Macro Assembler    Page 3 Alphabetic symbol ordering
Absolute symbols

   Uses
      At line 281 in file Startup.s
Comment: EMC_SETUP used once
FIQ_Stack_Size 00000000

Symbol: FIQ_Stack_Size
   Definitions
      At line 63 in file Startup.s
   Uses
      At line 68 in file Startup.s
      At line 388 in file Startup.s

F_Bit 00000040

Symbol: F_Bit
   Definitions
      At line 48 in file Startup.s
   Uses
      At line 376 in file Startup.s
      At line 381 in file Startup.s
      At line 386 in file Startup.s
      At line 391 in file Startup.s
      At line 396 in file Startup.s

Heap_Size 00003A98

Symbol: Heap_Size
   Definitions
      At line 82 in file Startup.s
   Uses
      At line 86 in file Startup.s
      At line 436 in file Startup.s

IRQ_Stack_Size 00000080

Symbol: IRQ_Stack_Size
   Definitions
      At line 64 in file Startup.s
   Uses
      At line 68 in file Startup.s
      At line 393 in file Startup.s

ISR_Stack_Size 00000088

Symbol: ISR_Stack_Size
   Definitions
      At line 68 in file Startup.s
   Uses
      At line 73 in file Startup.s
Comment: ISR_Stack_Size used once
I_Bit 00000080

Symbol: I_Bit
   Definitions
      At line 47 in file Startup.s
   Uses
      At line 376 in file Startup.s
      At line 381 in file Startup.s
      At line 386 in file Startup.s



ARM Macro Assembler    Page 4 Alphabetic symbol ordering
Absolute symbols

      At line 391 in file Startup.s
      At line 396 in file Startup.s

MAMCR_OFS 00000000

Symbol: MAMCR_OFS
   Definitions
      At line 134 in file Startup.s
   Uses
      At line 348 in file Startup.s
Comment: MAMCR_OFS used once
MAMCR_Val 00000002

Symbol: MAMCR_Val
   Definitions
      At line 149 in file Startup.s
   Uses
      At line 347 in file Startup.s
Comment: MAMCR_Val used once
MAMTIM_OFS 00000004

Symbol: MAMTIM_OFS
   Definitions
      At line 135 in file Startup.s
   Uses
      At line 346 in file Startup.s
Comment: MAMTIM_OFS used once
MAMTIM_Val 00000003

Symbol: MAMTIM_Val
   Definitions
      At line 150 in file Startup.s
   Uses
      At line 345 in file Startup.s
Comment: MAMTIM_Val used once
MAM_BASE E01FC000

Symbol: MAM_BASE
   Definitions
      At line 133 in file Startup.s
   Uses
      At line 344 in file Startup.s
Comment: MAM_BASE used once
MAM_SETUP 00000001

Symbol: MAM_SETUP
   Definitions
      At line 148 in file Startup.s
   Uses
      At line 343 in file Startup.s
Comment: MAM_SETUP used once
MEMMAP E01FC040

Symbol: MEMMAP
   Definitions
      At line 353 in file Startup.s
   Uses
      None
Comment: MEMMAP unused



ARM Macro Assembler    Page 5 Alphabetic symbol ordering
Absolute symbols

Mode_ABT 00000017

Symbol: Mode_ABT
   Definitions
      At line 43 in file Startup.s
   Uses
      At line 381 in file Startup.s
Comment: Mode_ABT used once
Mode_FIQ 00000011

Symbol: Mode_FIQ
   Definitions
      At line 40 in file Startup.s
   Uses
      At line 386 in file Startup.s
Comment: Mode_FIQ used once
Mode_IRQ 00000012

Symbol: Mode_IRQ
   Definitions
      At line 41 in file Startup.s
   Uses
      At line 391 in file Startup.s
Comment: Mode_IRQ used once
Mode_SVC 00000013

Symbol: Mode_SVC
   Definitions
      At line 42 in file Startup.s
   Uses
      At line 396 in file Startup.s
Comment: Mode_SVC used once
Mode_SYS 0000001F

Symbol: Mode_SYS
   Definitions
      At line 45 in file Startup.s
   Uses
      None
Comment: Mode_SYS unused
Mode_UND 0000001B

Symbol: Mode_UND
   Definitions
      At line 44 in file Startup.s
   Uses
      At line 376 in file Startup.s
Comment: Mode_UND used once
Mode_USR 00000010

Symbol: Mode_USR
   Definitions
      At line 39 in file Startup.s
   Uses
      At line 401 in file Startup.s
Comment: Mode_USR used once
PINSEL2 E002C014

Symbol: PINSEL2



ARM Macro Assembler    Page 6 Alphabetic symbol ordering
Absolute symbols

   Definitions
      At line 219 in file Startup.s
   Uses
      None
Comment: PINSEL2 unused
PINSEL2_Val 0E6149E4

Symbol: PINSEL2_Val
   Definitions
      At line 220 in file Startup.s
   Uses
      None
Comment: PINSEL2_Val unused
PLLCFG_MSEL 0000001F

Symbol: PLLCFG_MSEL
   Definitions
      At line 116 in file Startup.s
   Uses
      None
Comment: PLLCFG_MSEL unused
PLLCFG_OFS 00000004

Symbol: PLLCFG_OFS
   Definitions
      At line 111 in file Startup.s
   Uses
      None
Comment: PLLCFG_OFS unused
PLLCFG_PSEL 00000060

Symbol: PLLCFG_PSEL
   Definitions
      At line 117 in file Startup.s
   Uses
      None
Comment: PLLCFG_PSEL unused
PLLCFG_Val 00000024

Symbol: PLLCFG_Val
   Definitions
      At line 129 in file Startup.s
   Uses
      None
Comment: PLLCFG_Val unused
PLLCON_OFS 00000000

Symbol: PLLCON_OFS
   Definitions
      At line 110 in file Startup.s
   Uses
      None
Comment: PLLCON_OFS unused
PLLCON_PLLC 00000002

Symbol: PLLCON_PLLC
   Definitions
      At line 115 in file Startup.s
   Uses



ARM Macro Assembler    Page 7 Alphabetic symbol ordering
Absolute symbols

      None
Comment: PLLCON_PLLC unused
PLLCON_PLLE 00000001

Symbol: PLLCON_PLLE
   Definitions
      At line 114 in file Startup.s
   Uses
      None
Comment: PLLCON_PLLE unused
PLLFEED_OFS 0000000C

Symbol: PLLFEED_OFS
   Definitions
      At line 113 in file Startup.s
   Uses
      None
Comment: PLLFEED_OFS unused
PLLSTAT_OFS 00000008

Symbol: PLLSTAT_OFS
   Definitions
      At line 112 in file Startup.s
   Uses
      None
Comment: PLLSTAT_OFS unused
PLLSTAT_PLOCK 00000400

Symbol: PLLSTAT_PLOCK
   Definitions
      At line 118 in file Startup.s
   Uses
      None
Comment: PLLSTAT_PLOCK unused
PLL_BASE E01FC080

Symbol: PLL_BASE
   Definitions
      At line 109 in file Startup.s
   Uses
      None
Comment: PLL_BASE unused
PLL_SETUP 00000000

Symbol: PLL_SETUP
   Definitions
      At line 128 in file Startup.s
   Uses
      At line 316 in file Startup.s
Comment: PLL_SETUP used once
SVC_Stack_Size 00000008

Symbol: SVC_Stack_Size
   Definitions
      At line 61 in file Startup.s
   Uses
      At line 68 in file Startup.s
      At line 398 in file Startup.s




ARM Macro Assembler    Page 8 Alphabetic symbol ordering
Absolute symbols

UND_Stack_Size 00000000

Symbol: UND_Stack_Size
   Definitions
      At line 60 in file Startup.s
   Uses
      At line 68 in file Startup.s
      At line 378 in file Startup.s

USR_Stack_Size 00001000

Symbol: USR_Stack_Size
   Definitions
      At line 65 in file Startup.s
   Uses
      At line 72 in file Startup.s
      At line 409 in file Startup.s
      At line 435 in file Startup.s

VPBDIV E01FC100

Symbol: VPBDIV
   Definitions
      At line 91 in file Startup.s
   Uses
      None
Comment: VPBDIV unused
VPBDIV_SETUP 00000000

Symbol: VPBDIV_SETUP
   Definitions
      At line 104 in file Startup.s
   Uses
      At line 308 in file Startup.s
Comment: VPBDIV_SETUP used once
VPBDIV_Val 00000011

Symbol: VPBDIV_Val
   Definitions
      At line 105 in file Startup.s
   Uses
      None
Comment: VPBDIV_Val unused
55 symbols



ARM Macro Assembler    Page 1 Alphabetic symbol ordering
External symbols

__main 00000000

Symbol: __main
   Definitions
      At line 416 in file Startup.s
   Uses
      At line 417 in file Startup.s
Comment: __main used once
__use_two_region_memory 00000000

Symbol: __use_two_region_memory
   Definitions
      At line 430 in file Startup.s
   Uses
      None
Comment: __use_two_region_memory unused
2 symbols
429 symbols in table
